生成启动时间为 2018/5/5 0:08:27。
     1>项目“E:\大学\网络编程\c\MFCUDPclient\MFCUDPclient\MFCUDPclient.vcxproj”在节点 2 上(build 个目标)。
     1>InitializeBuildStatus:
         正在创建“Debug\MFCUDPclient.unsuccessfulbuild”，因为已指定“AlwaysCreate”。
       ClCompile:
         所有输出均为最新。
         E:\大学\VC\bin\CL.exe /c /ZI /nologo /W3 /WX- /Od /Oy- /D WIN32 /D _WINDOWS /D _DEBUG /D _MBCS /Gm /EHsc /RTC1 /MTd /GS /fp:precise /Zc:wchar_t /Zc:forScope /Yu"StdAfx.h" /Fp"Debug\MFCUDPclient.pch" /Fo"Debug\\" /Fd"Debug\vc100.pdb" /Gd /TP /analyze- /errorReport:prompt MFCUDPclientDlg.cpp
         MFCUDPclientDlg.cpp
     1>e:\大学\网络编程\c\mfcudpclient\mfcudpclient\mfcudpclientdlg.cpp(237): warning C4996: 'strcpy': This function or variable may be unsafe. Consider using strcpy_s instead. To disable deprecation, use _CRT_SECURE_NO_WARNINGS. See online help for details.
                 e:\大学\vc\include\string.h(105) : 参见“strcpy”的声明
     1>e:\大学\网络编程\c\mfcudpclient\mfcudpclient\mfcudpclientdlg.cpp(238): warning C4996: 'strcat': This function or variable may be unsafe. Consider using strcat_s instead. To disable deprecation, use _CRT_SECURE_NO_WARNINGS. See online help for details.
                 e:\大学\vc\include\string.h(110) : 参见“strcat”的声明
     1>e:\大学\网络编程\c\mfcudpclient\mfcudpclient\mfcudpclientdlg.cpp(283): warning C4996: 'strcpy': This function or variable may be unsafe. Consider using strcpy_s instead. To disable deprecation, use _CRT_SECURE_NO_WARNINGS. See online help for details.
                 e:\大学\vc\include\string.h(105) : 参见“strcpy”的声明
     1>e:\大学\网络编程\c\mfcudpclient\mfcudpclient\mfcudpclientdlg.cpp(292): warning C4996: 'strcat': This function or variable may be unsafe. Consider using strcat_s instead. To disable deprecation, use _CRT_SECURE_NO_WARNINGS. See online help for details.
                 e:\大学\vc\include\string.h(110) : 参见“strcat”的声明
       ResourceCompile:
         所有输出均为最新。
       ManifestResourceCompile:
         所有输出均为最新。
       Link:
         E:\大学\VC\bin\link.exe /ERRORREPORT:PROMPT /OUT:"E:\大学\网络编程\c\MFCUDPclient\Debug\MFCUDPclient.exe" /INCREMENTAL /NOLOGO /MANIFEST /ManifestFile:"Debug\MFCUDPclient.exe.intermediate.manifest" /MANIFESTUAC:"level='asInvoker' uiAccess='false'" /DEBUG /PDB:"E:\大学\网络编程\c\MFCUDPclient\Debug\MFCUDPclient.pdb" /SUBSYSTEM:WINDOWS /TLBID:1 /DYNAMICBASE /NXCOMPAT /IMPLIB:"E:\大学\网络编程\c\MFCUDPclient\Debug\MFCUDPclient.lib" /MACHINE:X86 Debug\MFCUDPclient.res
         Debug\MFCUDPclient.exe.embed.manifest.res
         Debug\MFCUDPclient.obj
         Debug\MFCUDPclientDlg.obj
         Debug\stdafx.obj
       Manifest:
         C:\Program Files\Microsoft SDKs\Windows\v7.0A\bin\mt.exe /nologo /verbose /out:"Debug\MFCUDPclient.exe.embed.manifest" /manifest Debug\MFCUDPclient.exe.intermediate.manifest "E:\大学\VC\Include\Manifest\dpiaware.manifest"
         所有输出均为最新。
       LinkEmbedManifest:
         所有输出均为最新。
         MFCUDPclient.vcxproj -> E:\大学\网络编程\c\MFCUDPclient\Debug\MFCUDPclient.exe
       FinalizeBuildStatus:
         正在删除文件“Debug\MFCUDPclient.unsuccessfulbuild”。
         正在对“Debug\MFCUDPclient.lastbuildstate”执行 Touch 任务。
     1>已完成生成项目“E:\大学\网络编程\c\MFCUDPclient\MFCUDPclient\MFCUDPclient.vcxproj”(build 个目标)的操作。

生成成功。

已用时间 00:00:13.13
