生成启动时间为 2018/3/24 16:31:51。
     1>项目“E:\大学\网络编程\c\打字小游戏\打字小游戏\打字小游戏.vcxproj”在节点 2 上(build 个目标)。
     1>InitializeBuildStatus:
         正在创建“Debug\打字小游戏.unsuccessfulbuild”，因为已指定“AlwaysCreate”。
       ClCompile:
         E:\大学\VC\bin\CL.exe /c /ZI /nologo /W3 /WX- /Od /Oy- /D WIN32 /D _DEBUG /D _CONSOLE /D _UNICODE /D UNICODE /Gm /EHsc /RTC1 /MDd /GS /fp:precise /Zc:wchar_t /Zc:forScope /Fo"Debug\\" /Fd"Debug\vc100.pdb" /Gd /TP /analyze- /errorReport:prompt "打字小游戏.cpp"
         打字小游戏.cpp
     1>e:\大学\网络编程\c\打字小游戏\打字小游戏\打字小游戏.cpp(12): warning C4244: “参数”: 从“time_t”转换到“unsigned int”，可能丢失数据
     1>e:\大学\网络编程\c\打字小游戏\打字小游戏\打字小游戏.cpp(59): warning C4996: 'getch': The POSIX name for this item is deprecated. Instead, use the ISO C++ conformant name: _getch. See online help for details.
                 e:\大学\vc\include\conio.h(128) : 参见“getch”的声明
       Link:
         E:\大学\VC\bin\link.exe /ERRORREPORT:PROMPT /OUT:"E:\大学\网络编程\c\打字小游戏\Debug\打字小游戏.exe" /INCREMENTAL /NOLOGO kernel32.lib user32.lib gdi32.lib winspool.lib comdlg32.lib advapi32.lib shell32.lib ole32.lib oleaut32.lib uuid.lib odbc32.lib odbccp32.lib /MANIFEST /ManifestFile:"Debug\打字小游戏.exe.intermediate.manifest" /MANIFESTUAC:"level='asInvoker' uiAccess='false'" /DEBUG /PDB:"E:\大学\网络编程\c\打字小游戏\Debug\打字小游戏.pdb" /SUBSYSTEM:CONSOLE /TLBID:1 /DYNAMICBASE /NXCOMPAT /IMPLIB:"E:\大学\网络编程\c\打字小游戏\Debug\打字小游戏.lib" /MACHINE:X86 "Debug\打字小游戏.obj"
         打字小游戏.vcxproj -> E:\大学\网络编程\c\打字小游戏\Debug\打字小游戏.exe
       Manifest:
         C:\Program Files\Microsoft SDKs\Windows\v7.0A\bin\mt.exe /nologo /verbose /out:"E:\大学\网络编程\c\打字小游戏\Debug\打字小游戏.exe.manifest" /manifest "Debug\打字小游戏.exe.intermediate.manifest"
       FinalizeBuildStatus:
         正在删除文件“Debug\打字小游戏.unsuccessfulbuild”。
         正在对“Debug\打字小游戏.lastbuildstate”执行 Touch 任务。
     1>已完成生成项目“E:\大学\网络编程\c\打字小游戏\打字小游戏\打字小游戏.vcxproj”(build 个目标)的操作。

生成成功。

已用时间 00:00:01.33
