E:\大学\C\数据结构\套接字连接实验\DEBUG\套接字连接实验.EXE
E:\大学\C\数据结构\套接字连接实验\DEBUG\套接字连接实验.ILK
E:\大学\C\数据结构\套接字连接实验\DEBUG\套接字连接实验.PDB
E:\大学\C\数据结构\套接字连接实验\套接字连接实验\DEBUG\CLIENT.OBJ
E:\大学\C\数据结构\套接字连接实验\套接字连接实验\DEBUG\SERVER.OBJ
E:\大学\C\数据结构\套接字连接实验\套接字连接实验\DEBUG\VC100.PDB
E:\大学\C\数据结构\套接字连接实验\套接字连接实验\DEBUG\套接字连接实验.EXE.EMBED.MANIFEST.RES
E:\大学\网络编程\C\套接字连接实验\DEBUG\服务器端.EXE
E:\大学\网络编程\C\套接字连接实验\DEBUG\服务器端.ILK
E:\大学\网络编程\C\套接字连接实验\DEBUG\服务器端.PDB
E:\大学\网络编程\c\套接字连接实验\套接字连接实验\Debug\cl.command.1.tlog
E:\大学\网络编程\c\套接字连接实验\套接字连接实验\Debug\CL.read.1.tlog
E:\大学\网络编程\c\套接字连接实验\套接字连接实验\Debug\CL.write.1.tlog
E:\大学\网络编程\c\套接字连接实验\套接字连接实验\Debug\client.obj
E:\大学\网络编程\c\套接字连接实验\套接字连接实验\Debug\link.10192.read.1.tlog
E:\大学\网络编程\c\套接字连接实验\套接字连接实验\Debug\link.10192.write.1.tlog
E:\大学\网络编程\c\套接字连接实验\套接字连接实验\Debug\link.command.1.tlog
E:\大学\网络编程\c\套接字连接实验\套接字连接实验\Debug\link.read.1.tlog
E:\大学\网络编程\c\套接字连接实验\套接字连接实验\Debug\link.write.1.tlog
E:\大学\网络编程\c\套接字连接实验\套接字连接实验\Debug\rc.command.1.tlog
E:\大学\网络编程\c\套接字连接实验\套接字连接实验\Debug\rc.read.1.tlog
E:\大学\网络编程\c\套接字连接实验\套接字连接实验\Debug\rc.write.1.tlog
E:\大学\网络编程\C\套接字连接实验\套接字连接实验\DEBUG\SERVER.OBJ
E:\大学\网络编程\c\套接字连接实验\套接字连接实验\Debug\vc100.idb
E:\大学\网络编程\C\套接字连接实验\套接字连接实验\DEBUG\VC100.PDB
E:\大学\网络编程\c\套接字连接实验\套接字连接实验\Debug\服务器端.write.1.tlog
E:\大学\网络编程\c\套接字连接实验\套接字连接实验\Debug\套接字连接实验.exe.embed.manifest
E:\大学\网络编程\c\套接字连接实验\套接字连接实验\Debug\套接字连接实验.exe.embed.manifest.res
E:\大学\网络编程\c\套接字连接实验\套接字连接实验\Debug\套接字连接实验.vcxprojResolveAssemblyReference.cache
E:\大学\网络编程\c\套接字连接实验\套接字连接实验\Debug\套接字连接实验.write.1.tlog
E:\大学\网络编程\c\套接字连接实验\套接字连接实验\Debug\套接字连接实验_manifest.rc
