生成启动时间为 2018/4/17 19:50:19。
     1>项目“E:\大学\网络编程\c\MFCclient\MFCclient\MFCclient.vcxproj”在节点 2 上(build 个目标)。
     1>InitializeBuildStatus:
         正在创建“Debug\MFCclient.unsuccessfulbuild”，因为已指定“AlwaysCreate”。
       ClCompile:
         所有输出均为最新。
         E:\大学\VC\bin\CL.exe /c /ZI /nologo /W3 /WX- /Od /Oy- /D WIN32 /D _WINDOWS /D _DEBUG /D _MBCS /Gm /EHsc /RTC1 /MTd /GS /fp:precise /Zc:wchar_t /Zc:forScope /Yu"StdAfx.h" /Fp"Debug\MFCclient.pch" /Fo"Debug\\" /Fd"Debug\vc100.pdb" /Gd /TP /analyze- /errorReport:prompt MFCclientDlg.cpp
         MFCclientDlg.cpp
       ResourceCompile:
         所有输出均为最新。
       ManifestResourceCompile:
         所有输出均为最新。
       Link:
         E:\大学\VC\bin\link.exe /ERRORREPORT:PROMPT /OUT:"E:\大学\网络编程\c\MFCclient\Debug\MFCclient.exe" /INCREMENTAL /NOLOGO /MANIFEST /ManifestFile:"Debug\MFCclient.exe.intermediate.manifest" /MANIFESTUAC:"level='asInvoker' uiAccess='false'" /DEBUG /PDB:"E:\大学\网络编程\c\MFCclient\Debug\MFCclient.pdb" /SUBSYSTEM:WINDOWS /TLBID:1 /DYNAMICBASE /NXCOMPAT /IMPLIB:"E:\大学\网络编程\c\MFCclient\Debug\MFCclient.lib" /MACHINE:X86 Debug\MFCclient.res
         Debug\MFCclient.exe.embed.manifest.res
         Debug\MFCclient.obj
         Debug\MFCclientDlg.obj
         Debug\stdafx.obj
       Manifest:
         C:\Program Files\Microsoft SDKs\Windows\v7.0A\bin\mt.exe /nologo /verbose /out:"Debug\MFCclient.exe.embed.manifest" /manifest Debug\MFCclient.exe.intermediate.manifest "E:\大学\VC\Include\Manifest\dpiaware.manifest"
         所有输出均为最新。
       LinkEmbedManifest:
         所有输出均为最新。
         MFCclient.vcxproj -> E:\大学\网络编程\c\MFCclient\Debug\MFCclient.exe
       FinalizeBuildStatus:
         正在删除文件“Debug\MFCclient.unsuccessfulbuild”。
         正在对“Debug\MFCclient.lastbuildstate”执行 Touch 任务。
     1>已完成生成项目“E:\大学\网络编程\c\MFCclient\MFCclient\MFCclient.vcxproj”(build 个目标)的操作。

生成成功。

已用时间 00:00:03.36
