生成启动时间为 2018/4/23 20:28:57。
     1>项目“E:\大学\网络编程\c\UDPClient(group)\UDPClient(group)\UDPClient(group).vcxproj”在节点 2 上(build 个目标)。
     1>InitializeBuildStatus:
         正在创建“Debug\UDPClient(group).unsuccessfulbuild”，因为已指定“AlwaysCreate”。
       ClCompile:
         E:\大学\VC\bin\CL.exe /c /ZI /nologo /W3 /WX- /Od /Oy- /D WIN32 /D _DEBUG /D _CONSOLE /D _UNICODE /D UNICODE /Gm /EHsc /RTC1 /MDd /GS /fp:precise /Zc:wchar_t /Zc:forScope /Fo"Debug\\" /Fd"Debug\vc100.pdb" /Gd /TP /analyze- /errorReport:prompt client.cpp
         client.cpp
       ManifestResourceCompile:
         所有输出均为最新。
       Link:
         E:\大学\VC\bin\link.exe /ERRORREPORT:PROMPT /OUT:"E:\大学\网络编程\c\UDPClient(group)\Debug\UDPClient(group).exe" /INCREMENTAL /NOLOGO kernel32.lib user32.lib gdi32.lib winspool.lib comdlg32.lib advapi32.lib shell32.lib ole32.lib oleaut32.lib uuid.lib odbc32.lib odbccp32.lib /MANIFEST /ManifestFile:"Debug\UDPClient(group).exe.intermediate.manifest" /MANIFESTUAC:"level='asInvoker' uiAccess='false'" /DEBUG /PDB:"E:\大学\网络编程\c\UDPClient(group)\Debug\UDPClient(group).pdb" /SUBSYSTEM:CONSOLE /TLBID:1 /DYNAMICBASE /NXCOMPAT /IMPLIB:"E:\大学\网络编程\c\UDPClient(group)\Debug\UDPClient(group).lib" /MACHINE:X86 "Debug\UDPClient(group).exe.embed.manifest.res"
         Debug\client.obj
       Manifest:
         C:\Program Files\Microsoft SDKs\Windows\v7.0A\bin\mt.exe /nologo /verbose /out:"Debug\UDPClient(group).exe.embed.manifest" /manifest "Debug\UDPClient(group).exe.intermediate.manifest"
         所有输出均为最新。
       LinkEmbedManifest:
         所有输出均为最新。
         UDPClient(group).vcxproj -> E:\大学\网络编程\c\UDPClient(group)\Debug\UDPClient(group).exe
       FinalizeBuildStatus:
         正在删除文件“Debug\UDPClient(group).unsuccessfulbuild”。
         正在对“Debug\UDPClient(group).lastbuildstate”执行 Touch 任务。
     1>已完成生成项目“E:\大学\网络编程\c\UDPClient(group)\UDPClient(group)\UDPClient(group).vcxproj”(build 个目标)的操作。

生成成功。

已用时间 00:00:02.86
