生成启动时间为 2018/6/14 23:29:25。
     1>项目“E:\大学\网络编程\c\课设\client2\client\client.vcxproj”在节点 2 上(build 个目标)。
     1>InitializeBuildStatus:
         正在创建“Debug\client.unsuccessfulbuild”，因为已指定“AlwaysCreate”。
       ClCompile:
         所有输出均为最新。
         E:\大学\VC\bin\CL.exe /c /ZI /nologo /W3 /WX- /Od /Oy- /D WIN32 /D _WINDOWS /D _DEBUG /D _MBCS /Gm /EHsc /RTC1 /MTd /GS /fp:precise /Zc:wchar_t /Zc:forScope /Yu"StdAfx.h" /Fp"Debug\client.pch" /Fo"Debug\\" /Fd"Debug\vc100.pdb" /Gd /TP /analyze- /errorReport:prompt clientDlg.cpp
         clientDlg.cpp
     1>e:\大学\网络编程\c\课设\client2\client\clientdlg.cpp(214): warning C4996: 'strcpy': This function or variable may be unsafe. Consider using strcpy_s instead. To disable deprecation, use _CRT_SECURE_NO_WARNINGS. See online help for details.
                 e:\大学\vc\include\string.h(105) : 参见“strcpy”的声明
     1>e:\大学\网络编程\c\课设\client2\client\clientdlg.cpp(215): warning C4996: 'strcat': This function or variable may be unsafe. Consider using strcat_s instead. To disable deprecation, use _CRT_SECURE_NO_WARNINGS. See online help for details.
                 e:\大学\vc\include\string.h(110) : 参见“strcat”的声明
     1>e:\大学\网络编程\c\课设\client2\client\clientdlg.cpp(310): warning C4996: 'strcpy': This function or variable may be unsafe. Consider using strcpy_s instead. To disable deprecation, use _CRT_SECURE_NO_WARNINGS. See online help for details.
                 e:\大学\vc\include\string.h(105) : 参见“strcpy”的声明
     1>e:\大学\网络编程\c\课设\client2\client\clientdlg.cpp(316): warning C4996: 'strcpy': This function or variable may be unsafe. Consider using strcpy_s instead. To disable deprecation, use _CRT_SECURE_NO_WARNINGS. See online help for details.
                 e:\大学\vc\include\string.h(105) : 参见“strcpy”的声明
     1>e:\大学\网络编程\c\课设\client2\client\clientdlg.cpp(376): warning C4996: 'strcpy': This function or variable may be unsafe. Consider using strcpy_s instead. To disable deprecation, use _CRT_SECURE_NO_WARNINGS. See online help for details.
                 e:\大学\vc\include\string.h(105) : 参见“strcpy”的声明
     1>e:\大学\网络编程\c\课设\client2\client\clientdlg.cpp(444): warning C4996: 'strcpy': This function or variable may be unsafe. Consider using strcpy_s instead. To disable deprecation, use _CRT_SECURE_NO_WARNINGS. See online help for details.
                 e:\大学\vc\include\string.h(105) : 参见“strcpy”的声明
     1>e:\大学\网络编程\c\课设\client2\client\clientdlg.cpp(459): warning C4996: 'strcpy': This function or variable may be unsafe. Consider using strcpy_s instead. To disable deprecation, use _CRT_SECURE_NO_WARNINGS. See online help for details.
                 e:\大学\vc\include\string.h(105) : 参见“strcpy”的声明
     1>e:\大学\网络编程\c\课设\client2\client\clientdlg.cpp(462): warning C4996: 'strcat': This function or variable may be unsafe. Consider using strcat_s instead. To disable deprecation, use _CRT_SECURE_NO_WARNINGS. See online help for details.
                 e:\大学\vc\include\string.h(110) : 参见“strcat”的声明
     1>e:\大学\网络编程\c\课设\client2\client\clientdlg.cpp(463): warning C4996: 'strcat': This function or variable may be unsafe. Consider using strcat_s instead. To disable deprecation, use _CRT_SECURE_NO_WARNINGS. See online help for details.
                 e:\大学\vc\include\string.h(110) : 参见“strcat”的声明
     1>e:\大学\网络编程\c\课设\client2\client\clientdlg.cpp(464): warning C4996: 'fopen': This function or variable may be unsafe. Consider using fopen_s instead. To disable deprecation, use _CRT_SECURE_NO_WARNINGS. See online help for details.
                 e:\大学\vc\include\stdio.h(234) : 参见“fopen”的声明
     1>e:\大学\网络编程\c\课设\client2\client\clientdlg.cpp(478): warning C4996: 'strcpy': This function or variable may be unsafe. Consider using strcpy_s instead. To disable deprecation, use _CRT_SECURE_NO_WARNINGS. See online help for details.
                 e:\大学\vc\include\string.h(105) : 参见“strcpy”的声明
     1>e:\大学\网络编程\c\课设\client2\client\clientdlg.cpp(479): warning C4996: 'strcat': This function or variable may be unsafe. Consider using strcat_s instead. To disable deprecation, use _CRT_SECURE_NO_WARNINGS. See online help for details.
                 e:\大学\vc\include\string.h(110) : 参见“strcat”的声明
     1>e:\大学\网络编程\c\课设\client2\client\clientdlg.cpp(482): warning C4996: 'fopen': This function or variable may be unsafe. Consider using fopen_s instead. To disable deprecation, use _CRT_SECURE_NO_WARNINGS. See online help for details.
                 e:\大学\vc\include\stdio.h(234) : 参见“fopen”的声明
     1>e:\大学\网络编程\c\课设\client2\client\clientdlg.cpp(488): warning C4996: 'strcpy': This function or variable may be unsafe. Consider using strcpy_s instead. To disable deprecation, use _CRT_SECURE_NO_WARNINGS. See online help for details.
                 e:\大学\vc\include\string.h(105) : 参见“strcpy”的声明
     1>e:\大学\网络编程\c\课设\client2\client\clientdlg.cpp(495): warning C4996: 'fopen': This function or variable may be unsafe. Consider using fopen_s instead. To disable deprecation, use _CRT_SECURE_NO_WARNINGS. See online help for details.
                 e:\大学\vc\include\stdio.h(234) : 参见“fopen”的声明
     1>e:\大学\网络编程\c\课设\client2\client\clientdlg.cpp(512): warning C4996: 'strcpy': This function or variable may be unsafe. Consider using strcpy_s instead. To disable deprecation, use _CRT_SECURE_NO_WARNINGS. See online help for details.
                 e:\大学\vc\include\string.h(105) : 参见“strcpy”的声明
     1>e:\大学\网络编程\c\课设\client2\client\clientdlg.cpp(513): warning C4996: 'strcat': This function or variable may be unsafe. Consider using strcat_s instead. To disable deprecation, use _CRT_SECURE_NO_WARNINGS. See online help for details.
                 e:\大学\vc\include\string.h(110) : 参见“strcat”的声明
     1>e:\大学\网络编程\c\课设\client2\client\clientdlg.cpp(519): warning C4996: 'strcpy': This function or variable may be unsafe. Consider using strcpy_s instead. To disable deprecation, use _CRT_SECURE_NO_WARNINGS. See online help for details.
                 e:\大学\vc\include\string.h(105) : 参见“strcpy”的声明
     1>e:\大学\网络编程\c\课设\client2\client\clientdlg.cpp(520): warning C4996: 'strcat': This function or variable may be unsafe. Consider using strcat_s instead. To disable deprecation, use _CRT_SECURE_NO_WARNINGS. See online help for details.
                 e:\大学\vc\include\string.h(110) : 参见“strcat”的声明
     1>e:\大学\网络编程\c\课设\client2\client\clientdlg.cpp(487): warning C4101: “n”: 未引用的局部变量
     1>e:\大学\网络编程\c\课设\client2\client\clientdlg.cpp(649): warning C4996: 'strcpy': This function or variable may be unsafe. Consider using strcpy_s instead. To disable deprecation, use _CRT_SECURE_NO_WARNINGS. See online help for details.
                 e:\大学\vc\include\string.h(105) : 参见“strcpy”的声明
     1>e:\大学\网络编程\c\课设\client2\client\clientdlg.cpp(684): warning C4996: 'strcpy': This function or variable may be unsafe. Consider using strcpy_s instead. To disable deprecation, use _CRT_SECURE_NO_WARNINGS. See online help for details.
                 e:\大学\vc\include\string.h(105) : 参见“strcpy”的声明
     1>e:\大学\网络编程\c\课设\client2\client\clientdlg.cpp(737): warning C4996: 'strcpy': This function or variable may be unsafe. Consider using strcpy_s instead. To disable deprecation, use _CRT_SECURE_NO_WARNINGS. See online help for details.
                 e:\大学\vc\include\string.h(105) : 参见“strcpy”的声明
     1>e:\大学\网络编程\c\课设\client2\client\clientdlg.cpp(738): warning C4996: 'strcat': This function or variable may be unsafe. Consider using strcat_s instead. To disable deprecation, use _CRT_SECURE_NO_WARNINGS. See online help for details.
                 e:\大学\vc\include\string.h(110) : 参见“strcat”的声明
     1>e:\大学\网络编程\c\课设\client2\client\clientdlg.cpp(739): warning C4996: 'strcat': This function or variable may be unsafe. Consider using strcat_s instead. To disable deprecation, use _CRT_SECURE_NO_WARNINGS. See online help for details.
                 e:\大学\vc\include\string.h(110) : 参见“strcat”的声明
     1>e:\大学\网络编程\c\课设\client2\client\clientdlg.cpp(740): warning C4996: 'fopen': This function or variable may be unsafe. Consider using fopen_s instead. To disable deprecation, use _CRT_SECURE_NO_WARNINGS. See online help for details.
                 e:\大学\vc\include\stdio.h(234) : 参见“fopen”的声明
     1>e:\大学\网络编程\c\课设\client2\client\clientdlg.cpp(742): warning C4996: 'fopen': This function or variable may be unsafe. Consider using fopen_s instead. To disable deprecation, use _CRT_SECURE_NO_WARNINGS. See online help for details.
                 e:\大学\vc\include\stdio.h(234) : 参见“fopen”的声明
     1>e:\大学\网络编程\c\课设\client2\client\clientdlg.cpp(802): warning C4996: 'strcpy': This function or variable may be unsafe. Consider using strcpy_s instead. To disable deprecation, use _CRT_SECURE_NO_WARNINGS. See online help for details.
                 e:\大学\vc\include\string.h(105) : 参见“strcpy”的声明
     1>e:\大学\网络编程\c\课设\client2\client\clientdlg.cpp(803): warning C4996: 'strcat': This function or variable may be unsafe. Consider using strcat_s instead. To disable deprecation, use _CRT_SECURE_NO_WARNINGS. See online help for details.
                 e:\大学\vc\include\string.h(110) : 参见“strcat”的声明
     1>e:\大学\网络编程\c\课设\client2\client\clientdlg.cpp(804): warning C4996: 'strcat': This function or variable may be unsafe. Consider using strcat_s instead. To disable deprecation, use _CRT_SECURE_NO_WARNINGS. See online help for details.
                 e:\大学\vc\include\string.h(110) : 参见“strcat”的声明
     1>e:\大学\网络编程\c\课设\client2\client\clientdlg.cpp(817): warning C4996: 'strcpy': This function or variable may be unsafe. Consider using strcpy_s instead. To disable deprecation, use _CRT_SECURE_NO_WARNINGS. See online help for details.
                 e:\大学\vc\include\string.h(105) : 参见“strcpy”的声明
     1>e:\大学\网络编程\c\课设\client2\client\clientdlg.cpp(820): warning C4996: 'strcpy': This function or variable may be unsafe. Consider using strcpy_s instead. To disable deprecation, use _CRT_SECURE_NO_WARNINGS. See online help for details.
                 e:\大学\vc\include\string.h(105) : 参见“strcpy”的声明
     1>e:\大学\网络编程\c\课设\client2\client\clientdlg.cpp(821): warning C4996: 'strcat': This function or variable may be unsafe. Consider using strcat_s instead. To disable deprecation, use _CRT_SECURE_NO_WARNINGS. See online help for details.
                 e:\大学\vc\include\string.h(110) : 参见“strcat”的声明
     1>e:\大学\网络编程\c\课设\client2\client\clientdlg.cpp(822): warning C4996: 'strcat': This function or variable may be unsafe. Consider using strcat_s instead. To disable deprecation, use _CRT_SECURE_NO_WARNINGS. See online help for details.
                 e:\大学\vc\include\string.h(110) : 参见“strcat”的声明
     1>e:\大学\网络编程\c\课设\client2\client\clientdlg.cpp(823): warning C4996: 'strcat': This function or variable may be unsafe. Consider using strcat_s instead. To disable deprecation, use _CRT_SECURE_NO_WARNINGS. See online help for details.
                 e:\大学\vc\include\string.h(110) : 参见“strcat”的声明
     1>e:\大学\网络编程\c\课设\client2\client\clientdlg.cpp(824): warning C4996: 'strcat': This function or variable may be unsafe. Consider using strcat_s instead. To disable deprecation, use _CRT_SECURE_NO_WARNINGS. See online help for details.
                 e:\大学\vc\include\string.h(110) : 参见“strcat”的声明
     1>e:\大学\网络编程\c\课设\client2\client\clientdlg.cpp(825): warning C4996: 'fopen': This function or variable may be unsafe. Consider using fopen_s instead. To disable deprecation, use _CRT_SECURE_NO_WARNINGS. See online help for details.
                 e:\大学\vc\include\stdio.h(234) : 参见“fopen”的声明
     1>e:\大学\网络编程\c\课设\client2\client\clientdlg.cpp(842): warning C4996: 'strcpy': This function or variable may be unsafe. Consider using strcpy_s instead. To disable deprecation, use _CRT_SECURE_NO_WARNINGS. See online help for details.
                 e:\大学\vc\include\string.h(105) : 参见“strcpy”的声明
     1>e:\大学\网络编程\c\课设\client2\client\clientdlg.cpp(867): warning C4996: 'strcpy': This function or variable may be unsafe. Consider using strcpy_s instead. To disable deprecation, use _CRT_SECURE_NO_WARNINGS. See online help for details.
                 e:\大学\vc\include\string.h(105) : 参见“strcpy”的声明
     1>e:\大学\网络编程\c\课设\client2\client\clientdlg.cpp(885): warning C4996: 'strcpy': This function or variable may be unsafe. Consider using strcpy_s instead. To disable deprecation, use _CRT_SECURE_NO_WARNINGS. See online help for details.
                 e:\大学\vc\include\string.h(105) : 参见“strcpy”的声明
     1>e:\大学\网络编程\c\课设\client2\client\clientdlg.cpp(886): warning C4996: 'strcat': This function or variable may be unsafe. Consider using strcat_s instead. To disable deprecation, use _CRT_SECURE_NO_WARNINGS. See online help for details.
                 e:\大学\vc\include\string.h(110) : 参见“strcat”的声明
     1>e:\大学\网络编程\c\课设\client2\client\clientdlg.cpp(887): warning C4996: 'strcat': This function or variable may be unsafe. Consider using strcat_s instead. To disable deprecation, use _CRT_SECURE_NO_WARNINGS. See online help for details.
                 e:\大学\vc\include\string.h(110) : 参见“strcat”的声明
     1>e:\大学\网络编程\c\课设\client2\client\clientdlg.cpp(900): warning C4996: 'strcpy': This function or variable may be unsafe. Consider using strcpy_s instead. To disable deprecation, use _CRT_SECURE_NO_WARNINGS. See online help for details.
                 e:\大学\vc\include\string.h(105) : 参见“strcpy”的声明
     1>e:\大学\网络编程\c\课设\client2\client\clientdlg.cpp(903): warning C4996: 'strcpy': This function or variable may be unsafe. Consider using strcpy_s instead. To disable deprecation, use _CRT_SECURE_NO_WARNINGS. See online help for details.
                 e:\大学\vc\include\string.h(105) : 参见“strcpy”的声明
     1>e:\大学\网络编程\c\课设\client2\client\clientdlg.cpp(904): warning C4996: 'strcat': This function or variable may be unsafe. Consider using strcat_s instead. To disable deprecation, use _CRT_SECURE_NO_WARNINGS. See online help for details.
                 e:\大学\vc\include\string.h(110) : 参见“strcat”的声明
     1>e:\大学\网络编程\c\课设\client2\client\clientdlg.cpp(905): warning C4996: 'strcat': This function or variable may be unsafe. Consider using strcat_s instead. To disable deprecation, use _CRT_SECURE_NO_WARNINGS. See online help for details.
                 e:\大学\vc\include\string.h(110) : 参见“strcat”的声明
     1>e:\大学\网络编程\c\课设\client2\client\clientdlg.cpp(906): warning C4996: 'strcat': This function or variable may be unsafe. Consider using strcat_s instead. To disable deprecation, use _CRT_SECURE_NO_WARNINGS. See online help for details.
                 e:\大学\vc\include\string.h(110) : 参见“strcat”的声明
     1>e:\大学\网络编程\c\课设\client2\client\clientdlg.cpp(907): warning C4996: 'strcat': This function or variable may be unsafe. Consider using strcat_s instead. To disable deprecation, use _CRT_SECURE_NO_WARNINGS. See online help for details.
                 e:\大学\vc\include\string.h(110) : 参见“strcat”的声明
     1>e:\大学\网络编程\c\课设\client2\client\clientdlg.cpp(908): warning C4996: 'fopen': This function or variable may be unsafe. Consider using fopen_s instead. To disable deprecation, use _CRT_SECURE_NO_WARNINGS. See online help for details.
                 e:\大学\vc\include\stdio.h(234) : 参见“fopen”的声明
     1>e:\大学\网络编程\c\课设\client2\client\clientdlg.cpp(940): warning C4996: 'fopen': This function or variable may be unsafe. Consider using fopen_s instead. To disable deprecation, use _CRT_SECURE_NO_WARNINGS. See online help for details.
                 e:\大学\vc\include\stdio.h(234) : 参见“fopen”的声明
     1>e:\大学\网络编程\c\课设\client2\client\clientdlg.cpp(960): warning C4996: 'strcpy': This function or variable may be unsafe. Consider using strcpy_s instead. To disable deprecation, use _CRT_SECURE_NO_WARNINGS. See online help for details.
                 e:\大学\vc\include\string.h(105) : 参见“strcpy”的声明
     1>e:\大学\网络编程\c\课设\client2\client\clientdlg.cpp(963): warning C4996: 'strcat': This function or variable may be unsafe. Consider using strcat_s instead. To disable deprecation, use _CRT_SECURE_NO_WARNINGS. See online help for details.
                 e:\大学\vc\include\string.h(110) : 参见“strcat”的声明
     1>e:\大学\网络编程\c\课设\client2\client\clientdlg.cpp(964): warning C4996: 'strcat': This function or variable may be unsafe. Consider using strcat_s instead. To disable deprecation, use _CRT_SECURE_NO_WARNINGS. See online help for details.
                 e:\大学\vc\include\string.h(110) : 参见“strcat”的声明
     1>e:\大学\网络编程\c\课设\client2\client\clientdlg.cpp(965): warning C4996: 'fopen': This function or variable may be unsafe. Consider using fopen_s instead. To disable deprecation, use _CRT_SECURE_NO_WARNINGS. See online help for details.
                 e:\大学\vc\include\stdio.h(234) : 参见“fopen”的声明
       ResourceCompile:
         所有输出均为最新。
       ManifestResourceCompile:
         所有输出均为最新。
       Link:
         E:\大学\VC\bin\link.exe /ERRORREPORT:PROMPT /OUT:"E:\大学\网络编程\c\课设\client2\Debug\client.exe" /INCREMENTAL /NOLOGO /MANIFEST /ManifestFile:"Debug\client.exe.intermediate.manifest" /MANIFESTUAC:"level='asInvoker' uiAccess='false'" /DEBUG /PDB:"E:\大学\网络编程\c\课设\client2\Debug\client.pdb" /SUBSYSTEM:WINDOWS /TLBID:1 /DYNAMICBASE /NXCOMPAT /IMPLIB:"E:\大学\网络编程\c\课设\client2\Debug\client.lib" /MACHINE:X86 Debug\client.res
         Debug\client.exe.embed.manifest.res
         Debug\client.obj
         Debug\clientDlg.obj
         Debug\stdafx.obj
       Manifest:
         C:\Program Files\Microsoft SDKs\Windows\v7.0A\bin\mt.exe /nologo /verbose /out:"Debug\client.exe.embed.manifest" /manifest Debug\client.exe.intermediate.manifest "E:\大学\VC\Include\Manifest\dpiaware.manifest"
         所有输出均为最新。
       LinkEmbedManifest:
         所有输出均为最新。
         client.vcxproj -> E:\大学\网络编程\c\课设\client2\Debug\client.exe
       FinalizeBuildStatus:
         正在删除文件“Debug\client.unsuccessfulbuild”。
         正在对“Debug\client.lastbuildstate”执行 Touch 任务。
     1>已完成生成项目“E:\大学\网络编程\c\课设\client2\client\client.vcxproj”(build 个目标)的操作。

生成成功。

已用时间 00:00:01.23
